    Starting sequence Thu Jan 25 21:06:01 2018
     
  Instrument Name: GCMS
    Sequence File: C:\msdchem\1\sequence\20180124.s
          Comment:  
         Operator:  
        Data Path: C:\MSDCHEM\1\DATA\JAMES C\20180125 LACTONE WITH BME AND HYDROXYLAMINE\
      Method Path: C:\MSDCHEM\1\METHODS\

    Line Type        Vial  DataFile  Method    Sample Name
    -----------------------------------------------------------------------
      1) Sample       150  MTBE 2nd Purge b
          Datafile         MTBE 2nd Purge b
          Method           COLUMN_PURGE_300INLET_320C_6MIN
      2) Sample       150  MTBE Blank b
          Datafile         MTBE Blank b
          Method           GENERIC_OLE_C20_DETECT_18MIN_1UL_120-300
      3) Sample        51  A 7hr
          Datafile         A 7hr
          Method           GENERIC_OLE_C20_DETECT_18MIN_1UL_120-300
      4) Sample        52  B 7hr
          Datafile         B 7hr
          Method           GENERIC_OLE_C20_DETECT_18MIN_1UL_120-300
      5) Sample        53  C 7hr
          Datafile         C 7hr
          Method           GENERIC_OLE_C20_DETECT_18MIN_1UL_120-300
      6) Sample        54  D 7hr
          Datafile         D 7hr
          Method           GENERIC_OLE_C20_DETECT_18MIN_1UL_120-300
      7) Sample        55  E 7hr
          Datafile         E 7hr
          Method           GENERIC_OLE_C20_DETECT_18MIN_1UL_120-300
      8) Sample        56  F 7hr
          Datafile         F 7hr
          Method           GENERIC_OLE_C20_DETECT_18MIN_1UL_120-300
     
    Sequence completed Thu Jan 25 23:45:31 2018
     
      C:\MSDCHEM\1\DATA\JAMES C\20180125 LACTONE WITH BME AND HYDROXYLAMINE\2018 Jan 25 2106 Qu
      C:\MSDCHEM\1\DATA\JAMES C\20180125 LACTONE WITH BME AND HYDROXYLAMINE\2018 Jan 25 2106 Se
